<?xml version="1.0" encoding="UTF-8"?>
<testsuite name="com.thoughtworks.FirstTest" tests="1" skipped="0" failures="0" errors="0" timestamp="2019-05-08T02:29:12" hostname="xjtuse-PC" time="0.002">
  <properties/>
  <testcase name="setupShouldBeReady" classname="com.thoughtworks.FirstTest" time="0.002"/>
  <system-out><![CDATA[]]></system-out>
  <system-err><![CDATA[]]></system-err>
</testsuite>
